# JRE version: Java(TM) SE Runtime Environment (8.0_25-b17) (build 1.8.0_25-b17)
# Java VM: Java HotSpot(TM) 64-Bit Server VM (25.25-b02 mixed mode bsd-amd64 compressed oops)
Heap:
 PSYoungGen      total 76288K, used 14638K [0x000000076ab00000, 0x0000000774000000, 0x00000007c0000000)
  eden space 65536K, 10% used [0x000000076ab00000,0x000000076b19d9b0,0x000000076eb00000)
  from space 10752K, 73% used [0x000000076f580000,0x000000076fd2de60,0x0000000770000000)
  to   space 10752K, 0% used [0x000000076eb00000,0x000000076eb00000,0x000000076f580000)
 ParOldGen       total 175104K, used 3086K [0x00000006c0000000, 0x00000006cab00000, 0x000000076ab00000)
  object space 175104K, 1% used [0x00000006c0000000,0x00000006c0303aa8,0x00000006cab00000)
 Metaspace       used 16593K, capacity 16888K, committed 17152K, reserved 1064960K
  class space    used 2226K, capacity 2301K, committed 2304K, reserved 1048576K
GC Heap History (10 events):
Event: 2.700 GC heap before
{Heap before GC invocations=1 (full 0):
 PSYoungGen      total 76288K, used 25212K [0x000000076ab00000, 0x0000000770000000, 0x00000007c0000000)
  eden space 65536K, 38% used [0x000000076ab00000,0x000000076c39f258,0x000000076eb00000)
  from space 10752K, 0% used [0x000000076f580000,0x000000076f580000,0x0000000770000000)
  to   space 10752K, 0% used [0x000000076eb00000,0x000000076eb00000,0x000000076f580000)
 ParOldGen       total 175104K, used 0K [0x00000006c0000000, 0x00000006cab00000, 0x000000076ab00000)
  object space 175104K, 0% used [0x00000006c0000000,0x00000006c0000000,0x00000006cab00000)
 Metaspace       used 5701K, capacity 5832K, committed 6144K, reserved 1056768K
  class space    used 648K, capacity 690K, committed 768K, reserved 1048576K
Event: 2.703 GC heap after
Heap after GC invocations=1 (full 0):
 PSYoungGen      total 76288K, used 3329K [0x000000076ab00000, 0x0000000770000000, 0x00000007c0000000)
  eden space 65536K, 0% used [0x000000076ab00000,0x000000076ab00000,0x000000076eb00000)
  from space 10752K, 30% used [0x000000076eb00000,0x000000076ee40530,0x000000076f580000)
  to   space 10752K, 0% used [0x000000076f580000,0x000000076f580000,0x0000000770000000)
 ParOldGen       total 175104K, used 8K [0x00000006c0000000, 0x00000006cab00000, 0x000000076ab00000)
  object space 175104K, 0% used [0x00000006c0000000,0x00000006c0002000,0x00000006cab00000)
 Metaspace       used 5701K, capacity 5832K, committed 6144K, reserved 1056768K
  class space    used 648K, capacity 690K, committed 768K, reserved 1048576K
}
Event: 2.703 GC heap before
{Heap before GC invocations=2 (full 1):
 PSYoungGen      total 76288K, used 3329K [0x000000076ab00000, 0x0000000770000000, 0x00000007c0000000)
  eden space 65536K, 0% used [0x000000076ab00000,0x000000076ab00000,0x000000076eb00000)
  from space 10752K, 30% used [0x000000076eb00000,0x000000076ee40530,0x000000076f580000)
  to   space 10752K, 0% used [0x000000076f580000,0x000000076f580000,0x0000000770000000)
 ParOldGen       total 175104K, used 8K [0x00000006c0000000, 0x00000006cab00000, 0x000000076ab00000)
  object space 175104K, 0% used [0x00000006c0000000,0x00000006c0002000,0x00000006cab00000)
 Metaspace       used 5701K, capacity 5832K, committed 6144K, reserved 1056768K
  class space    used 648K, capacity 690K, committed 768K, reserved 1048576K
Event: 2.715 GC heap after
Heap after GC invocations=2 (full 1):
 PSYoungGen      total 76288K, used 0K [0x000000076ab00000, 0x0000000770000000, 0x00000007c0000000)
  eden space 65536K, 0% used [0x000000076ab00000,0x000000076ab00000,0x000000076eb00000)
  from space 10752K, 0% used [0x000000076eb00000,0x000000076eb00000,0x000000076f580000)
  to   space 10752K, 0% used [0x000000076f580000,0x000000076f580000,0x0000000770000000)
 ParOldGen       total 175104K, used 3062K [0x00000006c0000000, 0x00000006cab00000, 0x000000076ab00000)
  object space 175104K, 1% used [0x00000006c0000000,0x00000006c02fdaa8,0x00000006cab00000)
 Metaspace       used 5701K, capacity 5832K, committed 6144K, reserved 1056768K
  class space    used 648K, capacity 690K, committed 768K, reserved 1048576K
}
Event: 5.262 GC heap before
{Heap before GC invocations=3 (full 1):
 PSYoungGen      total 76288K, used 65536K [0x000000076ab00000, 0x0000000770000000, 0x00000007c0000000)
  eden space 65536K, 100% used [0x000000076ab00000,0x000000076eb00000,0x000000076eb00000)
  from space 10752K, 0% used [0x000000076eb00000,0x000000076eb00000,0x000000076f580000)
  to   space 10752K, 0% used [0x000000076f580000,0x000000076f580000,0x0000000770000000)
 ParOldGen       total 175104K, used 3062K [0x00000006c0000000, 0x00000006cab00000, 0x000000076ab00000)
  object space 175104K, 1% used [0x00000006c0000000,0x00000006c02fdaa8,0x00000006cab00000)
 Metaspace       used 11196K, capacity 11390K, committed 11648K, reserved 1058816K
  class space    used 1270K, capacity 1326K, committed 1408K, reserved 1048576K
Event: 5.270 GC heap after
Heap after GC invocations=3 (full 1):
 PSYoungGen      total 76288K, used 5071K [0x000000076ab00000, 0x0000000770000000, 0x00000007c0000000)
  eden space 65536K, 0% used [0x000000076ab00000,0x000000076ab00000,0x000000076eb00000)
  from space 10752K, 47% used [0x000000076f580000,0x000000076fa73c38,0x0000000770000000)
  to   space 10752K, 0% used [0x000000076eb00000,0x000000076eb00000,0x000000076f580000)
 ParOldGen       total 175104K, used 3070K [0x00000006c0000000, 0x00000006cab00000, 0x000000076ab00000)
  object space 175104K, 1% used [0x00000006c0000000,0x00000006c02ffaa8,0x00000006cab00000)
 Metaspace       used 11196K, capacity 11390K, committed 11648K, reserved 1058816K
  class space    used 1270K, capacity 1326K, committed 1408K, reserved 1048576K
}
Event: 6.162 GC heap before
{Heap before GC invocations=4 (full 1):
 PSYoungGen      total 76288K, used 70607K [0x000000076ab00000, 0x0000000770000000, 0x00000007c0000000)
  eden space 65536K, 100% used [0x000000076ab00000,0x000000076eb00000,0x000000076eb00000)
  from space 10752K, 47% used [0x000000076f580000,0x000000076fa73c38,0x0000000770000000)
  to   space 10752K, 0% used [0x000000076eb00000,0x000000076eb00000,0x000000076f580000)
 ParOldGen       total 175104K, used 3070K [0x00000006c0000000, 0x00000006cab00000, 0x000000076ab00000)
  object space 175104K, 1% used [0x00000006c0000000,0x00000006c02ffaa8,0x00000006cab00000)
 Metaspace       used 12551K, capacity 12812K, committed 12928K, reserved 1060864K
  class space    used 1580K, capacity 1621K, committed 1664K, reserved 1048576K
Event: 6.173 GC heap after
Heap after GC invocations=4 (full 1):
 PSYoungGen      total 76288K, used 7095K [0x000000076ab00000, 0x0000000770000000, 0x00000007c0000000)
  eden space 65536K, 0% used [0x000000076ab00000,0x000000076ab00000,0x000000076eb00000)
  from space 10752K, 65% used [0x000000076eb00000,0x000000076f1ede60,0x000000076f580000)
  to   space 10752K, 0% used [0x000000076f580000,0x000000076f580000,0x0000000770000000)
 ParOldGen       total 175104K, used 3078K [0x00000006c0000000, 0x00000006cab00000, 0x000000076ab00000)
  object space 175104K, 1% used [0x00000006c0000000,0x00000006c0301aa8,0x00000006cab00000)
 Metaspace       used 12551K, capacity 12812K, committed 12928K, reserved 1060864K
  class space    used 1580K, capacity 1621K, committed 1664K, reserved 1048576K
}
Event: 6.613 GC heap before
{Heap before GC invocations=5 (full 1):
 PSYoungGen      total 76288K, used 72631K [0x000000076ab00000, 0x0000000770000000, 0x00000007c0000000)
  eden space 65536K, 100% used [0x000000076ab00000,0x000000076eb00000,0x000000076eb00000)
  from space 10752K, 65% used [0x000000076eb00000,0x000000076f1ede60,0x000000076f580000)
  to   space 10752K, 0% used [0x000000076f580000,0x000000076f580000,0x0000000770000000)
 ParOldGen       total 175104K, used 3078K [0x00000006c0000000, 0x00000006cab00000, 0x000000076ab00000)
  object space 175104K, 1% used [0x00000006c0000000,0x00000006c0301aa8,0x00000006cab00000)
 Metaspace       used 13707K, capacity 13906K, committed 14080K, reserved 1060864K
  class space    used 1981K, capacity 2006K, committed 2048K, reserved 1048576K
Event: 6.623 GC heap after
Heap after GC invocations=5 (full 1):
 PSYoungGen      total 76288K, used 7863K [0x000000076ab00000, 0x0000000774000000, 0x00000007c0000000)
  eden space 65536K, 0% used [0x000000076ab00000,0x000000076ab00000,0x000000076eb00000)
  from space 10752K, 73% used [0x000000076f580000,0x000000076fd2de60,0x0000000770000000)
  to   space 10752K, 0% used [0x000000076eb00000,0x000000076eb00000,0x000000076f580000)
 ParOldGen       total 175104K, used 3086K [0x00000006c0000000, 0x00000006cab00000, 0x000000076ab00000)
  object space 175104K, 1% used [0x00000006c0000000,0x00000006c0303aa8,0x00000006cab00000)
 Metaspace       used 13707K, capacity 13906K, committed 14080K, reserved 1060864K
  class space    used 1981K, capacity 2006K, committed 2048K, reserved 1048576K
}

